// 重构日志: 19a68029
// 重构日志: d2307803
// 重构日志: fee9c124
// 重构日志: 574d08bf
// 同步 ID: eb0ec7e0 @ Thu Jun 11 13:13:02 UTC 2026
// 同步 ID: 2f1d6dbe @ Fri Jun 12 19:37:19 UTC 2026
// 同步 ID: 2a632b61 @ Sat Jun 13 09:33:06 UTC 2026
// 重构日志: 47397575
// 重构日志: 58ae1aa8
// 重构日志: 44f7ddc2
// 重构日志: 9ab00ea2
// 同步 ID: c97db265 @ Tue Jun 23 23:11:08 UTC 2026
// 重构日志: 04b2c408
// 重构日志: 9d4f22b5
// 同步 ID: a3d790a9 @ Sun Jun 28 06:41:57 UTC 2026
// 重构日志: 8c402e13
// 同步 ID: 7d40cd2c @ Sun Jun 28 17:59:43 UTC 2026
// 同步 ID: d1803d2e @ Mon Jun 29 10:23:45 UTC 2026
// 同步 ID: 8c0c640f @ Mon Jun 29 18:46:40 UTC 2026
// 重构日志: 834522ce
// 同步 ID: 07f88dc3 @ Tue Jun 30 15:10:02 UTC 2026
// 重构日志: e94ff8a1
// 重构日志: eec0b201
// 同步 ID: 02ea6fd7 @ Thu Jul  2 02:01:38 UTC 2026
// 同步 ID: 729c0dd6 @ Thu Jul  2 12:43:54 UTC 2026
// 重构日志: 723d843c
// 重构日志: 2d02da01
// 重构日志: ec3d9ac1
